11:06:55 - INICIA LA EJECUCION DEL SCRIPT 
11:06:57 - PROCESO PAGO ID 26636 
11:06:58 - RESPONSE 307 
11:06:58 - ACTUALIZO PAGO ID 26636, MESSAGE: Restricted Card 
11:06:59 - PROCESO PAGO ID 26637 
11:07:00 - RESPONSE 301 
11:07:00 - ACTUALIZO PAGO ID 26637, MESSAGE: Invalid Account Number 
11:07:00 - PROCESO PAGO ID 26638 
11:07:01 - RESPONSE 349 
11:07:01 - ACTUALIZO PAGO ID 26638, MESSAGE: Do Not Honor 
11:07:01 - PROCESO PAGO ID 26639 
11:07:02 - RESPONSE 350 
11:07:02 - ACTUALIZO PAGO ID 26639, MESSAGE: Generic Decline 
11:07:02 - PROCESO PAGO ID 26640 
11:07:05 - RESPONSE 349 
11:07:05 - ACTUALIZO PAGO ID 26640, MESSAGE: Do Not Honor 
11:07:05 - PROCESO PAGO ID 26641 
11:07:07 - RESPONSE 349 
11:07:07 - ACTUALIZO PAGO ID 26641, MESSAGE: Do Not Honor 
11:07:07 - PROCESO PAGO ID 26642 
11:07:09 - RESPONSE 349 
11:07:09 - ACTUALIZO PAGO ID 26642, MESSAGE: Do Not Honor 
11:07:09 - PROCESO PAGO ID 26643 
11:07:11 - RESPONSE 349 
11:07:11 - ACTUALIZO PAGO ID 26643, MESSAGE: Do Not Honor 
11:07:11 - PROCESO PAGO ID 26644 
11:07:13 - RESPONSE 000 
11:07:13 - ACTUALIZO PAGO ID 26644, MESSAGE: Approved 
11:07:13 - PROCESO PAGO ID 26645 
11:07:16 - RESPONSE 349 
11:07:16 - ACTUALIZO PAGO ID 26645, MESSAGE: Do Not Honor 
11:07:16 - PROCESO PAGO ID 26646 
11:07:18 - RESPONSE 301 
11:07:18 - ACTUALIZO PAGO ID 26646, MESSAGE: Invalid Account Number 
11:07:18 - PROCESO PAGO ID 26647 
11:07:21 - RESPONSE 349 
11:07:21 - ACTUALIZO PAGO ID 26647, MESSAGE: Do Not Honor 
11:07:21 - PROCESO PAGO ID 26648 
11:07:23 - RESPONSE 349 
11:07:23 - ACTUALIZO PAGO ID 26648, MESSAGE: Do Not Honor 
11:07:23 - PROCESO PAGO ID 26649 
11:07:24 - RESPONSE 349 
11:07:24 - ACTUALIZO PAGO ID 26649, MESSAGE: Do Not Honor 
11:07:24 - PROCESO PAGO ID 26650 
11:07:26 - RESPONSE 349 
11:07:26 - ACTUALIZO PAGO ID 26650, MESSAGE: Do Not Honor 
11:07:26 - PROCESO PAGO ID 26651 
11:07:27 - RESPONSE 301 
11:07:27 - ACTUALIZO PAGO ID 26651, MESSAGE: Invalid Account Number 
11:07:27 - UNLINK PID...   OK! 
11:07:27 - FINALIZA EL SCRIPT 
11:07:30 - INICIA LA EJECUCION DEL SCRIPT 
11:07:30 - PROCESO PAGO ID 27928 
11:07:32 - RESPONSE 000 
11:07:32 - ACTUALIZO PAGO ID 27928, MESSAGE: Approved 
11:07:32 - PROCESO PAGO ID 27929 
11:07:35 - RESPONSE 000 
11:07:35 - ACTUALIZO PAGO ID 27929, MESSAGE: Approved 
11:07:35 - UNLINK PID...   OK! 
11:07:35 - FINALIZA EL SCRIPT 
