12:17:27 - INICIA LA EJECUCION DEL SCRIPT 
12:17:28 - PROCESO 0 INCIDENCIAS 
12:17:28 - UNLINK PID...   OK! 
12:17:28 - FINALIZA EL SCRIPT 
15:28:25 - INICIA LA EJECUCION DEL SCRIPT 
15:28:26 - PROCESO 10 INCIDENCIAS 
15:28:27 - INCIDENCIA ID 4589 PROCESADA CON EXITO 
15:28:29 - INCIDENCIA ID 4590 PROCESADA CON EXITO 
15:28:30 - INCIDENCIA ID 4591 PROCESADA CON EXITO 
15:28:32 - INCIDENCIA ID 4596 PROCESADA CON EXITO 
15:28:33 - INCIDENCIA ID 4597 PROCESADA CON EXITO 
15:28:36 - INCIDENCIA ID 4598 PROCESADA CON EXITO 
15:28:37 - INCIDENCIA ID 4592 PROCESADA CON EXITO 
15:28:39 - INCIDENCIA ID 4593 PROCESADA CON EXITO 
15:28:40 - INCIDENCIA ID 4594 PROCESADA CON EXITO 
15:28:41 - INCIDENCIA ID 4595 PROCESADA CON EXITO 
15:28:41 - UNLINK PID...   OK! 
15:28:41 - FINALIZA EL SCRIPT 
16:52:13 - INICIA LA EJECUCION DEL SCRIPT 
16:52:14 - PROCESO 6 INCIDENCIAS 
16:52:15 - INCIDENCIA ID 4599 PROCESADA CON EXITO 
16:52:17 - INCIDENCIA ID 4604 PROCESADA CON EXITO 
16:52:18 - INCIDENCIA ID 4600 PROCESADA CON EXITO 
16:52:20 - INCIDENCIA ID 4601 PROCESADA CON EXITO 
16:52:22 - INCIDENCIA ID 4602 PROCESADA CON EXITO 
16:52:23 - INCIDENCIA ID 4603 PROCESADA CON EXITO 
16:52:23 - UNLINK PID...   OK! 
16:52:23 - FINALIZA EL SCRIPT 
11:51:10 - INICIA LA EJECUCION DEL SCRIPT 
11:51:11 - PROCESO 12 INCIDENCIAS 
11:51:13 - INCIDENCIA ID 4605 PROCESADA CON EXITO 
11:51:14 - INCIDENCIA ID 4606 PROCESADA CON EXITO 
11:51:16 - INCIDENCIA ID 4607 PROCESADA CON EXITO 
11:51:17 - INCIDENCIA ID 4608 PROCESADA CON EXITO 
11:51:19 - INCIDENCIA ID 4610 PROCESADA CON EXITO 
11:51:20 - INCIDENCIA ID 4612 PROCESADA CON EXITO 
11:51:22 - INCIDENCIA ID 4616 PROCESADA CON EXITO 
11:51:25 - INCIDENCIA ID 4609 PROCESADA CON EXITO 
11:51:26 - INCIDENCIA ID 4611 PROCESADA CON EXITO 
11:51:28 - INCIDENCIA ID 4613 PROCESADA CON EXITO 
11:51:29 - INCIDENCIA ID 4614 PROCESADA CON EXITO 
11:51:31 - INCIDENCIA ID 4615 PROCESADA CON EXITO 
11:51:31 - UNLINK PID...   OK! 
11:51:31 - FINALIZA EL SCRIPT 
14:31:06 - INICIA LA EJECUCION DEL SCRIPT 
14:31:07 - PROCESO 56 INCIDENCIAS 
14:31:09 - INCIDENCIA ID 4618 PROCESADA CON EXITO 
14:31:11 - INCIDENCIA ID 4619 PROCESADA CON EXITO 
14:31:12 - INCIDENCIA ID 4620 PROCESADA CON EXITO 
14:31:14 - INCIDENCIA ID 4621 PROCESADA CON EXITO 
14:31:16 - INCIDENCIA ID 4617 PROCESADA CON EXITO 
14:31:18 - INCIDENCIA ID 4622 PROCESADA CON EXITO 
14:31:19 - INCIDENCIA ID 4623 PROCESADA CON EXITO 
14:31:21 - INCIDENCIA ID 4624 PROCESADA CON EXITO 
14:31:23 - INCIDENCIA ID 4625 PROCESADA CON EXITO 
14:31:25 - INCIDENCIA ID 4626 PROCESADA CON EXITO 
14:31:27 - INCIDENCIA ID 4627 PROCESADA CON EXITO 
14:31:28 - INCIDENCIA ID 4628 PROCESADA CON EXITO 
14:31:29 - INCIDENCIA ID 4629 PROCESADA CON EXITO 
14:31:31 - INCIDENCIA ID 4630 PROCESADA CON EXITO 
14:31:33 - INCIDENCIA ID 4631 PROCESADA CON EXITO 
14:31:34 - INCIDENCIA ID 4632 PROCESADA CON EXITO 
14:31:36 - INCIDENCIA ID 4633 PROCESADA CON EXITO 
14:31:38 - INCIDENCIA ID 4634 PROCESADA CON EXITO 
14:31:40 - INCIDENCIA ID 4635 PROCESADA CON EXITO 
14:31:41 - INCIDENCIA ID 4636 PROCESADA CON EXITO 
14:31:43 - INCIDENCIA ID 4637 PROCESADA CON EXITO 
14:31:45 - INCIDENCIA ID 4638 PROCESADA CON EXITO 
14:31:47 - INCIDENCIA ID 4639 PROCESADA CON EXITO 
14:31:49 - INCIDENCIA ID 4640 PROCESADA CON EXITO 
14:31:52 - INCIDENCIA ID 4641 PROCESADA CON EXITO 
14:31:54 - INCIDENCIA ID 4642 PROCESADA CON EXITO 
14:31:56 - INCIDENCIA ID 4643 PROCESADA CON EXITO 
14:31:59 - INCIDENCIA ID 4644 PROCESADA CON EXITO 
14:32:00 - INCIDENCIA ID 4645 PROCESADA CON EXITO 
14:32:02 - INCIDENCIA ID 4646 PROCESADA CON EXITO 
14:32:04 - INCIDENCIA ID 4647 PROCESADA CON EXITO 
14:32:06 - INCIDENCIA ID 4648 PROCESADA CON EXITO 
14:32:08 - INCIDENCIA ID 4649 PROCESADA CON EXITO 
14:32:09 - INCIDENCIA ID 4650 PROCESADA CON EXITO 
14:32:12 - INCIDENCIA ID 4651 PROCESADA CON EXITO 
14:32:16 - INCIDENCIA ID 4652 PROCESADA CON EXITO 
14:32:17 - INCIDENCIA ID 4653 PROCESADA CON EXITO 
14:32:20 - INCIDENCIA ID 4654 PROCESADA CON EXITO 
14:32:22 - INCIDENCIA ID 4655 PROCESADA CON EXITO 
14:32:24 - INCIDENCIA ID 4656 PROCESADA CON EXITO 
14:32:25 - INCIDENCIA ID 4657 PROCESADA CON EXITO 
14:32:27 - INCIDENCIA ID 4658 PROCESADA CON EXITO 
14:32:29 - INCIDENCIA ID 4659 PROCESADA CON EXITO 
14:32:31 - INCIDENCIA ID 4660 PROCESADA CON EXITO 
14:32:33 - INCIDENCIA ID 4661 PROCESADA CON EXITO 
14:32:35 - INCIDENCIA ID 4662 PROCESADA CON EXITO 
14:32:36 - INCIDENCIA ID 4663 PROCESADA CON EXITO 
14:32:37 - INCIDENCIA ID 4664 PROCESADA CON EXITO 
14:32:39 - INCIDENCIA ID 4665 PROCESADA CON EXITO 
14:32:41 - INCIDENCIA ID 4666 PROCESADA CON EXITO 
14:32:43 - INCIDENCIA ID 4667 PROCESADA CON EXITO 
14:32:44 - INCIDENCIA ID 4668 PROCESADA CON EXITO 
14:32:47 - INCIDENCIA ID 4669 PROCESADA CON EXITO 
14:32:48 - INCIDENCIA ID 4670 PROCESADA CON EXITO 
14:32:49 - INCIDENCIA ID 4671 PROCESADA CON EXITO 
14:32:51 - INCIDENCIA ID 4672 PROCESADA CON EXITO 
14:32:51 - UNLINK PID...   OK! 
14:32:51 - FINALIZA EL SCRIPT 
09:11:13 - INICIA LA EJECUCION DEL SCRIPT 
09:11:14 - PROCESO 2 INCIDENCIAS 
09:11:16 - INCIDENCIA ID 4947 PROCESADA CON EXITO 
09:11:18 - INCIDENCIA ID 4948 PROCESADA CON EXITO 
09:11:18 - UNLINK PID...   OK! 
09:11:18 - FINALIZA EL SCRIPT 
15:05:34 - INICIA LA EJECUCION DEL SCRIPT 
15:05:34 - PROCESO 6 INCIDENCIAS 
15:05:36 - INCIDENCIA ID 5012 PROCESADA CON EXITO 
15:05:37 - INCIDENCIA ID 5013 PROCESADA CON EXITO 
15:05:39 - INCIDENCIA ID 5014 PROCESADA CON EXITO 
15:05:40 - INCIDENCIA ID 5015 PROCESADA CON EXITO 
15:05:42 - INCIDENCIA ID 5017 PROCESADA CON EXITO 
15:05:43 - INCIDENCIA ID 5016 PROCESADA CON EXITO 
15:05:43 - UNLINK PID...   OK! 
15:05:43 - FINALIZA EL SCRIPT 
14:46:59 - INICIA LA EJECUCION DEL SCRIPT 
14:47:00 - PROCESO 23 INCIDENCIAS 
14:47:03 - INCIDENCIA ID 5079 PROCESADA CON EXITO 
14:47:05 - INCIDENCIA ID 5080 PROCESADA CON EXITO 
14:47:07 - INCIDENCIA ID 5081 PROCESADA CON EXITO 
14:47:11 - INCIDENCIA ID 5082 PROCESADA CON EXITO 
14:47:17 - INCIDENCIA ID 5083 PROCESADA CON EXITO 
14:47:24 - INCIDENCIA ID 5084 PROCESADA CON EXITO 
14:47:29 - INCIDENCIA ID 5085 PROCESADA CON EXITO 
14:47:35 - INCIDENCIA ID 5086 PROCESADA CON EXITO 
14:47:37 - INCIDENCIA ID 5087 PROCESADA CON EXITO 
14:47:41 - INCIDENCIA ID 5088 PROCESADA CON EXITO 
14:47:42 - INCIDENCIA ID 5089 PROCESADA CON EXITO 
14:47:45 - INCIDENCIA ID 5090 PROCESADA CON EXITO 
14:47:47 - INCIDENCIA ID 5091 PROCESADA CON EXITO 
14:47:48 - INCIDENCIA ID 5092 PROCESADA CON EXITO 
14:47:50 - INCIDENCIA ID 5093 PROCESADA CON EXITO 
14:47:51 - INCIDENCIA ID 5094 PROCESADA CON EXITO 
14:47:52 - INCIDENCIA ID 5095 PROCESADA CON EXITO 
14:47:54 - INCIDENCIA ID 5096 PROCESADA CON EXITO 
14:47:56 - INCIDENCIA ID 5097 PROCESADA CON EXITO 
14:47:59 - INCIDENCIA ID 5098 PROCESADA CON EXITO 
14:48:02 - INCIDENCIA ID 5077 PROCESADA CON EXITO 
14:48:04 - INCIDENCIA ID 5076 PROCESADA CON EXITO 
14:48:07 - INCIDENCIA ID 5078 PROCESADA CON EXITO 
14:48:07 - UNLINK PID...   OK! 
14:48:07 - FINALIZA EL SCRIPT 
10:06:17 - INICIA LA EJECUCION DEL SCRIPT 
10:06:19 - PROCESO 9 INCIDENCIAS 
10:06:21 - INCIDENCIA ID 5457 PROCESADA CON EXITO 
10:06:23 - INCIDENCIA ID 5458 PROCESADA CON EXITO 
10:06:25 - INCIDENCIA ID 5459 PROCESADA CON EXITO 
10:06:26 - INCIDENCIA ID 5460 PROCESADA CON EXITO 
10:06:28 - INCIDENCIA ID 5461 PROCESADA CON EXITO 
10:06:33 - INCIDENCIA ID 5462 PROCESADA CON EXITO 
10:06:36 - INCIDENCIA ID 5463 PROCESADA CON EXITO 
10:06:40 - INCIDENCIA ID 5464 PROCESADA CON EXITO 
10:06:45 - INCIDENCIA ID 5456 PROCESADA CON EXITO 
10:06:45 - UNLINK PID...   OK! 
10:06:45 - FINALIZA EL SCRIPT 
17:15:46 - INICIA LA EJECUCION DEL SCRIPT 
17:15:47 - PROCESO 67 INCIDENCIAS 
17:15:48 - INCIDENCIA ID 6162 PROCESADA CON EXITO 
17:15:50 - INCIDENCIA ID 6163 PROCESADA CON EXITO 
17:15:51 - INCIDENCIA ID 6164 PROCESADA CON EXITO 
17:15:52 - INCIDENCIA ID 6165 PROCESADA CON EXITO 
17:15:54 - INCIDENCIA ID 6166 PROCESADA CON EXITO 
17:15:55 - INCIDENCIA ID 6167 PROCESADA CON EXITO 
17:15:57 - INCIDENCIA ID 6168 PROCESADA CON EXITO 
17:15:59 - INCIDENCIA ID 6169 PROCESADA CON EXITO 
17:16:00 - INCIDENCIA ID 6171 PROCESADA CON EXITO 
17:16:02 - INCIDENCIA ID 6172 PROCESADA CON EXITO 
17:16:03 - INCIDENCIA ID 6173 PROCESADA CON EXITO 
17:16:05 - INCIDENCIA ID 6174 PROCESADA CON EXITO 
17:16:06 - INCIDENCIA ID 6187 PROCESADA CON EXITO 
17:16:08 - INCIDENCIA ID 6188 PROCESADA CON EXITO 
17:16:09 - INCIDENCIA ID 6189 PROCESADA CON EXITO 
17:16:11 - INCIDENCIA ID 6190 PROCESADA CON EXITO 
17:16:12 - INCIDENCIA ID 6191 PROCESADA CON EXITO 
17:16:13 - INCIDENCIA ID 6192 PROCESADA CON EXITO 
17:16:15 - INCIDENCIA ID 6193 PROCESADA CON EXITO 
17:16:16 - INCIDENCIA ID 6194 PROCESADA CON EXITO 
17:16:18 - INCIDENCIA ID 6195 PROCESADA CON EXITO 
17:16:19 - INCIDENCIA ID 6196 PROCESADA CON EXITO 
17:16:20 - INCIDENCIA ID 6197 PROCESADA CON EXITO 
17:16:22 - INCIDENCIA ID 6201 PROCESADA CON EXITO 
17:16:23 - INCIDENCIA ID 6202 PROCESADA CON EXITO 
17:16:25 - INCIDENCIA ID 6203 PROCESADA CON EXITO 
17:16:26 - INCIDENCIA ID 6204 PROCESADA CON EXITO 
17:16:28 - INCIDENCIA ID 6205 PROCESADA CON EXITO 
17:16:29 - INCIDENCIA ID 6206 PROCESADA CON EXITO 
17:16:30 - INCIDENCIA ID 6221 PROCESADA CON EXITO 
17:16:32 - INCIDENCIA ID 6222 PROCESADA CON EXITO 
17:16:33 - INCIDENCIA ID 6223 PROCESADA CON EXITO 
17:16:34 - INCIDENCIA ID 6224 PROCESADA CON EXITO 
17:16:36 - INCIDENCIA ID 6225 PROCESADA CON EXITO 
17:16:37 - INCIDENCIA ID 6226 PROCESADA CON EXITO 
17:16:38 - INCIDENCIA ID 6170 PROCESADA CON EXITO 
17:16:40 - INCIDENCIA ID 6227 PROCESADA CON EXITO 
17:16:41 - INCIDENCIA ID 6228 PROCESADA CON EXITO 
17:16:42 - INCIDENCIA ID 6175 PROCESADA CON EXITO 
17:16:44 - INCIDENCIA ID 6176 PROCESADA CON EXITO 
17:16:45 - INCIDENCIA ID 6177 PROCESADA CON EXITO 
17:16:46 - INCIDENCIA ID 6178 PROCESADA CON EXITO 
17:16:48 - INCIDENCIA ID 6179 PROCESADA CON EXITO 
17:16:49 - INCIDENCIA ID 6180 PROCESADA CON EXITO 
17:16:51 - INCIDENCIA ID 6181 PROCESADA CON EXITO 
17:16:52 - INCIDENCIA ID 6182 PROCESADA CON EXITO 
17:16:54 - INCIDENCIA ID 6183 PROCESADA CON EXITO 
17:16:55 - INCIDENCIA ID 6184 PROCESADA CON EXITO 
17:16:58 - INCIDENCIA ID 6185 PROCESADA CON EXITO 
17:16:59 - INCIDENCIA ID 6186 PROCESADA CON EXITO 
17:17:01 - INCIDENCIA ID 6209 PROCESADA CON EXITO 
17:17:02 - INCIDENCIA ID 6210 PROCESADA CON EXITO 
17:17:03 - INCIDENCIA ID 6211 PROCESADA CON EXITO 
17:17:05 - INCIDENCIA ID 6219 PROCESADA CON EXITO 
17:17:06 - INCIDENCIA ID 6220 PROCESADA CON EXITO 
17:17:08 - INCIDENCIA ID 6212 PROCESADA CON EXITO 
17:17:09 - INCIDENCIA ID 6213 PROCESADA CON EXITO 
17:17:10 - INCIDENCIA ID 6214 PROCESADA CON EXITO 
17:17:12 - INCIDENCIA ID 6215 PROCESADA CON EXITO 
17:17:13 - INCIDENCIA ID 6216 PROCESADA CON EXITO 
17:17:14 - INCIDENCIA ID 6217 PROCESADA CON EXITO 
17:17:16 - INCIDENCIA ID 6198 PROCESADA CON EXITO 
17:17:17 - INCIDENCIA ID 6199 PROCESADA CON EXITO 
17:17:18 - INCIDENCIA ID 6200 PROCESADA CON EXITO 
17:17:20 - INCIDENCIA ID 6207 PROCESADA CON EXITO 
17:17:21 - INCIDENCIA ID 6208 PROCESADA CON EXITO 
17:17:22 - INCIDENCIA ID 6218 PROCESADA CON EXITO 
17:17:22 - UNLINK PID...   OK! 
17:17:22 - FINALIZA EL SCRIPT 
14:19:39 - INICIA LA EJECUCION DEL SCRIPT 
14:19:40 - PROCESO 40 INCIDENCIAS 
14:19:42 - INCIDENCIA ID 7024 PROCESADA CON EXITO 
14:19:43 - INCIDENCIA ID 7025 PROCESADA CON EXITO 
14:19:45 - INCIDENCIA ID 7026 PROCESADA CON EXITO 
14:19:47 - INCIDENCIA ID 7027 PROCESADA CON EXITO 
14:19:49 - INCIDENCIA ID 7028 PROCESADA CON EXITO 
14:19:50 - INCIDENCIA ID 7029 PROCESADA CON EXITO 
14:19:52 - INCIDENCIA ID 7030 PROCESADA CON EXITO 
14:19:56 - INCIDENCIA ID 7044 PROCESADA CON EXITO 
14:20:00 - INCIDENCIA ID 7014 PROCESADA CON EXITO 
14:20:02 - INCIDENCIA ID 7016 PROCESADA CON EXITO 
14:20:03 - INCIDENCIA ID 7017 PROCESADA CON EXITO 
14:20:07 - INCIDENCIA ID 7018 PROCESADA CON EXITO 
14:20:08 - INCIDENCIA ID 7019 PROCESADA CON EXITO 
14:20:14 - INCIDENCIA ID 7020 PROCESADA CON EXITO 
14:20:17 - INCIDENCIA ID 7021 PROCESADA CON EXITO 
14:20:18 - INCIDENCIA ID 7023 PROCESADA CON EXITO 
14:20:20 - INCIDENCIA ID 7040 PROCESADA CON EXITO 
14:20:21 - INCIDENCIA ID 7045 PROCESADA CON EXITO 
14:20:23 - INCIDENCIA ID 7046 PROCESADA CON EXITO 
14:20:24 - INCIDENCIA ID 7015 PROCESADA CON EXITO 
14:20:27 - INCIDENCIA ID 7022 PROCESADA CON EXITO 
14:20:29 - INCIDENCIA ID 7047 PROCESADA CON EXITO 
14:20:30 - INCIDENCIA ID 7048 PROCESADA CON EXITO 
14:20:31 - INCIDENCIA ID 7049 PROCESADA CON EXITO 
14:20:33 - INCIDENCIA ID 7050 PROCESADA CON EXITO 
14:20:34 - INCIDENCIA ID 7051 PROCESADA CON EXITO 
14:20:36 - INCIDENCIA ID 7052 PROCESADA CON EXITO 
14:20:37 - INCIDENCIA ID 7053 PROCESADA CON EXITO 
14:20:40 - INCIDENCIA ID 7041 PROCESADA CON EXITO 
14:20:43 - INCIDENCIA ID 7042 PROCESADA CON EXITO 
14:20:45 - INCIDENCIA ID 7043 PROCESADA CON EXITO 
14:20:47 - INCIDENCIA ID 7031 PROCESADA CON EXITO 
14:20:49 - INCIDENCIA ID 7032 PROCESADA CON EXITO 
14:20:50 - INCIDENCIA ID 7033 PROCESADA CON EXITO 
14:20:58 - INCIDENCIA ID 7034 PROCESADA CON EXITO 
14:21:02 - INCIDENCIA ID 7035 PROCESADA CON EXITO 
14:21:05 - INCIDENCIA ID 7036 PROCESADA CON EXITO 
14:21:08 - INCIDENCIA ID 7037 PROCESADA CON EXITO 
14:21:10 - INCIDENCIA ID 7038 PROCESADA CON EXITO 
14:21:11 - INCIDENCIA ID 7039 PROCESADA CON EXITO 
14:21:11 - UNLINK PID...   OK! 
14:21:11 - FINALIZA EL SCRIPT 
13:27:29 - INICIA LA EJECUCION DEL SCRIPT 
13:27:30 - PROCESO 39 INCIDENCIAS 
13:27:31 - INCIDENCIA ID 10363 PROCESADA CON EXITO 
13:27:33 - INCIDENCIA ID 10364 PROCESADA CON EXITO 
13:27:35 - INCIDENCIA ID 10365 PROCESADA CON EXITO 
13:27:37 - INCIDENCIA ID 10366 PROCESADA CON EXITO 
13:27:38 - INCIDENCIA ID 10367 PROCESADA CON EXITO 
13:27:40 - INCIDENCIA ID 10368 PROCESADA CON EXITO 
13:27:41 - INCIDENCIA ID 10369 PROCESADA CON EXITO 
13:27:42 - INCIDENCIA ID 10370 PROCESADA CON EXITO 
13:27:44 - INCIDENCIA ID 10371 PROCESADA CON EXITO 
13:27:45 - INCIDENCIA ID 10372 PROCESADA CON EXITO 
13:27:47 - INCIDENCIA ID 10373 PROCESADA CON EXITO 
13:27:48 - INCIDENCIA ID 10374 PROCESADA CON EXITO 
13:27:49 - INCIDENCIA ID 10375 PROCESADA CON EXITO 
13:27:50 - INCIDENCIA ID 10387 PROCESADA CON EXITO 
13:27:52 - INCIDENCIA ID 10388 PROCESADA CON EXITO 
13:27:53 - INCIDENCIA ID 10389 PROCESADA CON EXITO 
13:27:54 - INCIDENCIA ID 10390 PROCESADA CON EXITO 
13:27:56 - INCIDENCIA ID 10391 PROCESADA CON EXITO 
13:27:58 - INCIDENCIA ID 10392 PROCESADA CON EXITO 
13:27:59 - INCIDENCIA ID 10393 PROCESADA CON EXITO 
13:28:00 - INCIDENCIA ID 10394 PROCESADA CON EXITO 
13:28:02 - INCIDENCIA ID 10395 PROCESADA CON EXITO 
13:28:05 - INCIDENCIA ID 10396 PROCESADA CON EXITO 
13:28:07 - INCIDENCIA ID 10397 PROCESADA CON EXITO 
13:28:08 - INCIDENCIA ID 10398 PROCESADA CON EXITO 
13:28:09 - ERROR AL PROCESAR LA INCIDENCIA ID 10399. ERROR: Array 
13:28:10 - ERROR AL PROCESAR LA INCIDENCIA ID 10400. ERROR: Array 
13:28:11 - INCIDENCIA ID 10376 PROCESADA CON EXITO 
13:28:14 - INCIDENCIA ID 10377 PROCESADA CON EXITO 
13:28:15 - INCIDENCIA ID 10378 PROCESADA CON EXITO 
13:28:16 - INCIDENCIA ID 10379 PROCESADA CON EXITO 
13:28:17 - INCIDENCIA ID 10380 PROCESADA CON EXITO 
13:28:19 - INCIDENCIA ID 10381 PROCESADA CON EXITO 
13:28:21 - INCIDENCIA ID 10382 PROCESADA CON EXITO 
13:28:22 - INCIDENCIA ID 10383 PROCESADA CON EXITO 
13:28:23 - INCIDENCIA ID 10384 PROCESADA CON EXITO 
13:28:25 - INCIDENCIA ID 10385 PROCESADA CON EXITO 
13:28:26 - INCIDENCIA ID 10362 PROCESADA CON EXITO 
13:28:27 - INCIDENCIA ID 10386 PROCESADA CON EXITO 
13:28:27 - UNLINK PID...   OK! 
13:28:27 - FINALIZA EL SCRIPT 
17:02:20 - INICIA LA EJECUCION DEL SCRIPT 
17:02:22 - PROCESO 0 INCIDENCIAS 
17:02:22 - UNLINK PID...   OK! 
17:02:22 - FINALIZA EL SCRIPT 
11:32:02 - INICIA LA EJECUCION DEL SCRIPT 
11:32:03 - PROCESO 34 INCIDENCIAS 
11:32:04 - INCIDENCIA ID 35894 PROCESADA CON EXITO 
11:32:05 - INCIDENCIA ID 35895 PROCESADA CON EXITO 
11:32:06 - INCIDENCIA ID 35896 PROCESADA CON EXITO 
11:32:07 - INCIDENCIA ID 35897 PROCESADA CON EXITO 
11:32:08 - INCIDENCIA ID 35898 PROCESADA CON EXITO 
11:32:09 - INCIDENCIA ID 35899 PROCESADA CON EXITO 
11:32:10 - INCIDENCIA ID 35900 PROCESADA CON EXITO 
11:32:12 - INCIDENCIA ID 35901 PROCESADA CON EXITO 
11:32:13 - INCIDENCIA ID 35902 PROCESADA CON EXITO 
11:32:14 - INCIDENCIA ID 35903 PROCESADA CON EXITO 
11:32:15 - INCIDENCIA ID 35904 PROCESADA CON EXITO 
11:32:16 - INCIDENCIA ID 35905 PROCESADA CON EXITO 
11:32:18 - INCIDENCIA ID 35927 PROCESADA CON EXITO 
11:32:19 - INCIDENCIA ID 35906 PROCESADA CON EXITO 
11:32:20 - INCIDENCIA ID 35907 PROCESADA CON EXITO 
11:32:22 - INCIDENCIA ID 35908 PROCESADA CON EXITO 
11:32:23 - INCIDENCIA ID 35909 PROCESADA CON EXITO 
11:32:24 - INCIDENCIA ID 35910 PROCESADA CON EXITO 
11:32:25 - INCIDENCIA ID 35911 PROCESADA CON EXITO 
11:32:27 - INCIDENCIA ID 35912 PROCESADA CON EXITO 
11:32:28 - INCIDENCIA ID 35913 PROCESADA CON EXITO 
11:32:29 - INCIDENCIA ID 35914 PROCESADA CON EXITO 
11:32:31 - INCIDENCIA ID 35915 PROCESADA CON EXITO 
11:32:32 - INCIDENCIA ID 35916 PROCESADA CON EXITO 
11:32:33 - INCIDENCIA ID 35917 PROCESADA CON EXITO 
11:32:34 - INCIDENCIA ID 35918 PROCESADA CON EXITO 
11:32:35 - INCIDENCIA ID 35919 PROCESADA CON EXITO 
11:32:37 - INCIDENCIA ID 35920 PROCESADA CON EXITO 
11:32:38 - INCIDENCIA ID 35921 PROCESADA CON EXITO 
11:32:40 - INCIDENCIA ID 35922 PROCESADA CON EXITO 
11:32:41 - INCIDENCIA ID 35923 PROCESADA CON EXITO 
11:32:42 - INCIDENCIA ID 35924 PROCESADA CON EXITO 
11:32:44 - INCIDENCIA ID 35925 PROCESADA CON EXITO 
11:32:45 - INCIDENCIA ID 35926 PROCESADA CON EXITO 
11:32:45 - UNLINK PID...   OK! 
11:32:45 - FINALIZA EL SCRIPT 
