10:25:15 - INICIA LA EJECUCION DEL SCRIPT 
10:25:16 - PROCESO 15 INCIDENCIAS 
10:25:18 - INCIDENCIA ID 15288 PROCESADA CON EXITO 
10:25:19 - INCIDENCIA ID 15290 PROCESADA CON EXITO 
10:25:22 - INCIDENCIA ID 15291 PROCESADA CON EXITO 
10:25:25 - INCIDENCIA ID 15292 PROCESADA CON EXITO 
10:25:28 - INCIDENCIA ID 15293 PROCESADA CON EXITO 
10:25:29 - INCIDENCIA ID 15294 PROCESADA CON EXITO 
10:25:32 - INCIDENCIA ID 15295 PROCESADA CON EXITO 
10:25:34 - INCIDENCIA ID 15296 PROCESADA CON EXITO 
10:25:36 - INCIDENCIA ID 15297 PROCESADA CON EXITO 
10:25:37 - INCIDENCIA ID 15298 PROCESADA CON EXITO 
10:25:40 - INCIDENCIA ID 15299 PROCESADA CON EXITO 
10:25:42 - INCIDENCIA ID 15300 PROCESADA CON EXITO 
10:25:43 - INCIDENCIA ID 15301 PROCESADA CON EXITO 
10:25:45 - INCIDENCIA ID 15289 PROCESADA CON EXITO 
10:25:46 - INCIDENCIA ID 15302 PROCESADA CON EXITO 
10:25:46 - UNLINK PID...   OK! 
10:25:46 - FINALIZA EL SCRIPT 
12:07:41 - INICIA LA EJECUCION DEL SCRIPT 
12:07:42 - PROCESO 27 INCIDENCIAS 
12:07:44 - INCIDENCIA ID 18616 PROCESADA CON EXITO 
12:07:45 - INCIDENCIA ID 18617 PROCESADA CON EXITO 
12:07:47 - INCIDENCIA ID 18618 PROCESADA CON EXITO 
12:07:48 - INCIDENCIA ID 18619 PROCESADA CON EXITO 
12:07:52 - INCIDENCIA ID 18620 PROCESADA CON EXITO 
12:07:53 - INCIDENCIA ID 18621 PROCESADA CON EXITO 
12:07:54 - INCIDENCIA ID 18626 PROCESADA CON EXITO 
12:07:56 - INCIDENCIA ID 18627 PROCESADA CON EXITO 
12:07:57 - INCIDENCIA ID 18628 PROCESADA CON EXITO 
12:07:59 - INCIDENCIA ID 18629 PROCESADA CON EXITO 
12:08:00 - INCIDENCIA ID 18630 PROCESADA CON EXITO 
12:08:01 - INCIDENCIA ID 18622 PROCESADA CON EXITO 
12:08:03 - INCIDENCIA ID 18623 PROCESADA CON EXITO 
12:08:04 - INCIDENCIA ID 18624 PROCESADA CON EXITO 
12:08:05 - INCIDENCIA ID 18625 PROCESADA CON EXITO 
12:08:07 - INCIDENCIA ID 18631 PROCESADA CON EXITO 
12:08:08 - INCIDENCIA ID 18632 PROCESADA CON EXITO 
12:08:10 - INCIDENCIA ID 18633 PROCESADA CON EXITO 
12:08:11 - INCIDENCIA ID 18634 PROCESADA CON EXITO 
12:08:12 - INCIDENCIA ID 18635 PROCESADA CON EXITO 
12:08:14 - INCIDENCIA ID 18636 PROCESADA CON EXITO 
12:08:15 - INCIDENCIA ID 18637 PROCESADA CON EXITO 
12:08:17 - INCIDENCIA ID 18638 PROCESADA CON EXITO 
12:08:18 - INCIDENCIA ID 18639 PROCESADA CON EXITO 
12:08:20 - INCIDENCIA ID 18640 PROCESADA CON EXITO 
12:08:22 - INCIDENCIA ID 18641 PROCESADA CON EXITO 
12:08:25 - INCIDENCIA ID 18642 PROCESADA CON EXITO 
12:08:25 - UNLINK PID...   OK! 
12:08:25 - FINALIZA EL SCRIPT 
